Virtual User Script started at: 22-Aug-23 8:32:22 PM
Starting action vuser_init.
Web Turbo Replay of LoadRunner 2023.1.0 for Windows 10; build 406 (Jul 12 2023 09:14:26)  	[MsgId: MMSG-26983]
Run mode: HTML  	[MsgId: MMSG-26993]
Replay user agent: Mozilla/5.0 (compatible; MSIE 10.0; Windows NT 6.1; Trident/6.0)  	[MsgId: MMSG-26988]
Runtime Settings file: "C:\Users\arunroshan.r\Documents\VuGen\Scripts\jpet_store_application\\default.cfg"  	[MsgId: MMSG-27141]
Ending action vuser_init.
Running Vuser...
Starting iteration 1.
Maximum number of concurrent connections per server: 6  	[MsgId: MMSG-26989]
Starting action TC_01_launch.
TC_01_launch.c(4): web_set_sockets_option started  	[MsgId: MMSG-26355]
TC_01_launch.c(4): web_set_sockets_option was successful  	[MsgId: MMSG-26392]
TC_01_launch.c(5): Notify: Transaction "TC_01_launch" started.
TC_01_launch.c(7): web_url("petstore.octoperf.com") started  	[MsgId: MMSG-26355]
TC_01_launch.c(7): Found resource "https://petstore.octoperf.com/css/jpetstore.css" in HTML "https://petstore.octoperf.com/"  	[MsgId: MMSG-26659]
TC_01_launch.c(7): web_url("petstore.octoperf.com") was successful, 6835 body bytes, 549 header bytes  	[MsgId: MMSG-26386]
TC_01_launch.c(15): Notify: Transaction "TC_01_launch" ended with a "Pass" status (Duration: 1.3030 Wasted Time: 0.1035).
Ending action TC_01_launch.
Starting action TC_02_click_store.
TC_02_click_store.c(5): web_set_max_html_param_len started  	[MsgId: MMSG-26355]
TC_02_click_store.c(5): web_set_max_html_param_len was successful  	[MsgId: MMSG-26392]
TC_02_click_store.c(6): Notify: Transaction "TC_02_click_store" started.
TC_02_click_store.c(9): web_reg_save_param_ex started  	[MsgId: MMSG-26355]
TC_02_click_store.c(9): Registering web_reg_save_param_ex was successful  	[MsgId: MMSG-26390]
TC_02_click_store.c(18): web_url("Catalog.action") started  	[MsgId: MMSG-26355]
TC_02_click_store.c(18): Resource "https://petstore.octoperf.com/css/jpetstore.css" is in the cache already and will not be downloaded again  	[MsgId: MMSG-26655]
TC_02_click_store.c(18): Found resource "https://petstore.octoperf.com/images/logo-topbar.gif" in HTML "https://petstore.octoperf.com/actions/Catalog.action"  	[MsgId: MMSG-26659]
TC_02_click_store.c(18): Found resource "https://petstore.octoperf.com/images/cart.gif" in HTML "https://petstore.octoperf.com/actions/Catalog.action"  	[MsgId: MMSG-26659]
TC_02_click_store.c(18): Found resource "https://petstore.octoperf.com/images/separator.gif" in HTML "https://petstore.octoperf.com/actions/Catalog.action"  	[MsgId: MMSG-26659]
TC_02_click_store.c(18): Found resource "https://petstore.octoperf.com/images/sm_fish.gif" in HTML "https://petstore.octoperf.com/actions/Catalog.action"  	[MsgId: MMSG-26659]
TC_02_click_store.c(18): Found resource "https://petstore.octoperf.com/images/sm_dogs.gif" in HTML "https://petstore.octoperf.com/actions/Catalog.action"  	[MsgId: MMSG-26659]
TC_02_click_store.c(18): Found resource "https://petstore.octoperf.com/images/sm_reptiles.gif" in HTML "https://petstore.octoperf.com/actions/Catalog.action"  	[MsgId: MMSG-26659]
TC_02_click_store.c(18): Found resource "https://petstore.octoperf.com/images/sm_cats.gif" in HTML "https://petstore.octoperf.com/actions/Catalog.action"  	[MsgId: MMSG-26659]
TC_02_click_store.c(18): Found resource "https://petstore.octoperf.com/images/sm_birds.gif" in HTML "https://petstore.octoperf.com/actions/Catalog.action"  	[MsgId: MMSG-26659]
TC_02_click_store.c(18): Found resource "https://petstore.octoperf.com/images/fish_icon.gif" in HTML "https://petstore.octoperf.com/actions/Catalog.action"  	[MsgId: MMSG-26659]
TC_02_click_store.c(18): Found resource "https://petstore.octoperf.com/images/dogs_icon.gif" in HTML "https://petstore.octoperf.com/actions/Catalog.action"  	[MsgId: MMSG-26659]
TC_02_click_store.c(18): Found resource "https://petstore.octoperf.com/images/cats_icon.gif" in HTML "https://petstore.octoperf.com/actions/Catalog.action"  	[MsgId: MMSG-26659]
TC_02_click_store.c(18): Found resource "https://petstore.octoperf.com/images/reptiles_icon.gif" in HTML "https://petstore.octoperf.com/actions/Catalog.action"  	[MsgId: MMSG-26659]
TC_02_click_store.c(18): Found resource "https://petstore.octoperf.com/images/birds_icon.gif" in HTML "https://petstore.octoperf.com/actions/Catalog.action"  	[MsgId: MMSG-26659]
TC_02_click_store.c(18): Found resource "https://petstore.octoperf.com/images/splash.gif" in HTML "https://petstore.octoperf.com/actions/Catalog.action"  	[MsgId: MMSG-26659]
TC_02_click_store.c(18): Notify: Saving Parameter "jsessionid = CB690BE65DF896F804BA7E2A3317A851".
TC_02_click_store.c(18): web_url("Catalog.action") was successful, 49136 body bytes, 4112 header bytes  	[MsgId: MMSG-26386]
TC_02_click_store.c(26): Notify: Transaction "TC_02_click_store" ended with a "Pass" status (Duration: 1.0280 Wasted Time: 0.0205).
Ending action TC_02_click_store.
Starting action TC_03_click_sigin_link.
TC_03_click_sigin_link.c(5): Notify: Transaction "TC_03_click_sigin_link" started.
TC_03_click_sigin_link.c(8): web_reg_save_param_ex started  	[MsgId: MMSG-26355]
TC_03_click_sigin_link.c(8): Registering web_reg_save_param_ex was successful  	[MsgId: MMSG-26390]
TC_03_click_sigin_link.c(18): web_reg_save_param_ex started  	[MsgId: MMSG-26355]
TC_03_click_sigin_link.c(18): Registering web_reg_save_param_ex was successful  	[MsgId: MMSG-26390]
TC_03_click_sigin_link.c(27): web_url("Account.action;jsessionid={jsessionid}") started  	[MsgId: MMSG-26355]
TC_03_click_sigin_link.c(27): Notify: Parameter Substitution: parameter "jsessionid" =  "CB690BE65DF896F804BA7E2A3317A851"
TC_03_click_sigin_link.c(27): Notify: Saving Parameter "C_sourcePage = Fqak2KaSHCSCVuzqwatBsQey5eQ-X7GbofUODc8prj7KSj0MZZb96LJj7SyxMM5XH086QLI8bNS-2KLpQUegwQf9fi0OaoZdxsgdBv31FjI=".
TC_03_click_sigin_link.c(27): Notify: Saving Parameter "C_fp = A3BSQK5zjPWWjfXSpTWu4BfW4LJIoYFNtzPeTM1Cw-NiMwkpfuRGbaQS9Oa3-lEi".
TC_03_click_sigin_link.c(27): Resource "https://petstore.octoperf.com/css/jpetstore.css" is in the cache already and will not be downloaded again  	[MsgId: MMSG-26655]
TC_03_click_sigin_link.c(27): Resource "https://petstore.octoperf.com/images/logo-topbar.gif" is in the cache already and will not be downloaded again  	[MsgId: MMSG-26655]
TC_03_click_sigin_link.c(27): Resource "https://petstore.octoperf.com/images/cart.gif" is in the cache already and will not be downloaded again  	[MsgId: MMSG-26655]
TC_03_click_sigin_link.c(27): Resource "https://petstore.octoperf.com/images/separator.gif" is in the cache already and will not be downloaded again  	[MsgId: MMSG-26655]
TC_03_click_sigin_link.c(27): Resource "https://petstore.octoperf.com/images/sm_fish.gif" is in the cache already and will not be downloaded again  	[MsgId: MMSG-26655]
TC_03_click_sigin_link.c(27): Resource "https://petstore.octoperf.com/images/sm_dogs.gif" is in the cache already and will not be downloaded again  	[MsgId: MMSG-26655]
TC_03_click_sigin_link.c(27): Resource "https://petstore.octoperf.com/images/sm_reptiles.gif" is in the cache already and will not be downloaded again  	[MsgId: MMSG-26655]
TC_03_click_sigin_link.c(27): Resource "https://petstore.octoperf.com/images/sm_cats.gif" is in the cache already and will not be downloaded again  	[MsgId: MMSG-26655]
TC_03_click_sigin_link.c(27): Resource "https://petstore.octoperf.com/images/sm_birds.gif" is in the cache already and will not be downloaded again  	[MsgId: MMSG-26655]
TC_03_click_sigin_link.c(27): web_url("Account.action;jsessionid={jsessionid}") was successful, 3624 body bytes, 213 header bytes  	[MsgId: MMSG-26386]
TC_03_click_sigin_link.c(35): Notify: Transaction "TC_03_click_sigin_link" ended with a "Pass" status (Duration: 0.3709 Wasted Time: 0.0109).
Ending action TC_03_click_sigin_link.
Starting action TC_04_enter_sigin_credentails.
TC_04_enter_sigin_credentails.c(3): Notify: Transaction "TC_04_enter_sigin_credentails" started.
TC_04_enter_sigin_credentails.c(6): web_reg_save_param_ex started  	[MsgId: MMSG-26355]
TC_04_enter_sigin_credentails.c(6): Registering web_reg_save_param_ex was successful  	[MsgId: MMSG-26390]
TC_04_enter_sigin_credentails.c(17): web_submit_data("Account.action") started  	[MsgId: MMSG-26355]
TC_04_enter_sigin_credentails.c(17): Notify: Parameter Substitution: parameter "jsessionid" =  "CB690BE65DF896F804BA7E2A3317A851"
TC_04_enter_sigin_credentails.c(17): Notify: Parameter Substitution: parameter "p_username" =  "j2ee"
TC_04_enter_sigin_credentails.c(17): Notify: Next row for parameter p_password = 1 [table  = p_password].
TC_04_enter_sigin_credentails.c(17): Notify: Parameter Substitution: parameter "p_password" =  "j2ee"
TC_04_enter_sigin_credentails.c(17): Notify: Parameter Substitution: parameter "C_sourcePage" =  "Fqak2KaSHCSCVuzqwatBsQey5eQ-X7GbofUODc8prj7KSj0MZZb96LJj7SyxMM5XH086QLI8bNS-2KLpQUegwQf9fi0OaoZdxsgdBv31FjI="
TC_04_enter_sigin_credentails.c(17): Notify: Parameter Substitution: parameter "C_fp" =  "A3BSQK5zjPWWjfXSpTWu4BfW4LJIoYFNtzPeTM1Cw-NiMwkpfuRGbaQS9Oa3-lEi"
TC_04_enter_sigin_credentails.c(17): Redirecting "https://petstore.octoperf.com/actions/Account.action" (redirection depth is 0)  	[MsgId: MMSG-26694]
TC_04_enter_sigin_credentails.c(17): To location "https://petstore.octoperf.com/actions/Catalog.action"  	[MsgId: MMSG-26693]
TC_04_enter_sigin_credentails.c(17): Resource "https://petstore.octoperf.com/css/jpetstore.css" is in the cache already and will not be downloaded again  	[MsgId: MMSG-26655]
TC_04_enter_sigin_credentails.c(17): Resource "https://petstore.octoperf.com/images/logo-topbar.gif" is in the cache already and will not be downloaded again  	[MsgId: MMSG-26655]
TC_04_enter_sigin_credentails.c(17): Resource "https://petstore.octoperf.com/images/cart.gif" is in the cache already and will not be downloaded again  	[MsgId: MMSG-26655]
TC_04_enter_sigin_credentails.c(17): Resource "https://petstore.octoperf.com/images/separator.gif" is in the cache already and will not be downloaded again  	[MsgId: MMSG-26655]
TC_04_enter_sigin_credentails.c(17): Resource "https://petstore.octoperf.com/images/sm_fish.gif" is in the cache already and will not be downloaded again  	[MsgId: MMSG-26655]
TC_04_enter_sigin_credentails.c(17): Resource "https://petstore.octoperf.com/images/sm_dogs.gif" is in the cache already and will not be downloaded again  	[MsgId: MMSG-26655]
TC_04_enter_sigin_credentails.c(17): Resource "https://petstore.octoperf.com/images/sm_reptiles.gif" is in the cache already and will not be downloaded again  	[MsgId: MMSG-26655]
TC_04_enter_sigin_credentails.c(17): Resource "https://petstore.octoperf.com/images/sm_cats.gif" is in the cache already and will not be downloaded again  	[MsgId: MMSG-26655]
TC_04_enter_sigin_credentails.c(17): Resource "https://petstore.octoperf.com/images/sm_birds.gif" is in the cache already and will not be downloaded again  	[MsgId: MMSG-26655]
TC_04_enter_sigin_credentails.c(17): Resource "https://petstore.octoperf.com/images/fish_icon.gif" is in the cache already and will not be downloaded again  	[MsgId: MMSG-26655]
TC_04_enter_sigin_credentails.c(17): Resource "https://petstore.octoperf.com/images/dogs_icon.gif" is in the cache already and will not be downloaded again  	[MsgId: MMSG-26655]
TC_04_enter_sigin_credentails.c(17): Resource "https://petstore.octoperf.com/images/cats_icon.gif" is in the cache already and will not be downloaded again  	[MsgId: MMSG-26655]
TC_04_enter_sigin_credentails.c(17): Resource "https://petstore.octoperf.com/images/reptiles_icon.gif" is in the cache already and will not be downloaded again  	[MsgId: MMSG-26655]
TC_04_enter_sigin_credentails.c(17): Resource "https://petstore.octoperf.com/images/birds_icon.gif" is in the cache already and will not be downloaded again  	[MsgId: MMSG-26655]
TC_04_enter_sigin_credentails.c(17): Resource "https://petstore.octoperf.com/images/splash.gif" is in the cache already and will not be downloaded again  	[MsgId: MMSG-26655]
TC_04_enter_sigin_credentails.c(17): Found resource "https://petstore.octoperf.com/images/banner_dogs.gif" in HTML "https://petstore.octoperf.com/actions/Catalog.action"  	[MsgId: MMSG-26659]
TC_04_enter_sigin_credentails.c(17): Notify: Saving Parameter "C_pet_categories_1 = BIRDS".
TC_04_enter_sigin_credentails.c(17): Notify: Saving Parameter "C_pet_categories_2 = FISH".
TC_04_enter_sigin_credentails.c(17): Notify: Saving Parameter "C_pet_categories_3 = DOGS".
TC_04_enter_sigin_credentails.c(17): Notify: Saving Parameter "C_pet_categories_4 = REPTILES".
TC_04_enter_sigin_credentails.c(17): Notify: Saving Parameter "C_pet_categories_5 = CATS".
TC_04_enter_sigin_credentails.c(17): Notify: Saving Parameter "C_pet_categories_6 = BIRDS".
TC_04_enter_sigin_credentails.c(17): Notify: Saving Parameter "C_pet_categories_count = 6".
TC_04_enter_sigin_credentails.c(17): web_submit_data("Account.action") was successful, 10891 body bytes, 694 header bytes  	[MsgId: MMSG-26386]
TC_04_enter_sigin_credentails.c(31): Notify: Parameter Substitution: parameter "C_pet_categories_count" =  "6"
TC_04_enter_sigin_credentails.c(31): Notify: Parameter Substitution: parameter "C_pet_categories_2" =  "FISH"
TC_04_enter_sigin_credentails.c(32): Notify: Saving Parameter "P_Random_pet_categories = FISH".
TC_04_enter_sigin_credentails.c(33): Notify: Transaction "TC_04_enter_sigin_credentails" ended with a "Pass" status (Duration: 0.9023 Wasted Time: 0.0146).
Ending action TC_04_enter_sigin_credentails.
Starting action TC_05_select_pets.
TC_05_select_pets.c(5): Notify: Transaction "TC_05_select_pets" started.
TC_05_select_pets.c(8): web_reg_save_param_ex started  	[MsgId: MMSG-26355]
TC_05_select_pets.c(8): Registering web_reg_save_param_ex was successful  	[MsgId: MMSG-26390]
TC_05_select_pets.c(17): web_reg_save_param_ex started  	[MsgId: MMSG-26355]
TC_05_select_pets.c(17): Registering web_reg_save_param_ex was successful  	[MsgId: MMSG-26390]
TC_05_select_pets.c(26): web_reg_save_param_ex started  	[MsgId: MMSG-26355]
TC_05_select_pets.c(26): Registering web_reg_save_param_ex was successful  	[MsgId: MMSG-26390]
TC_05_select_pets.c(35): web_url("Catalog.action_2") started  	[MsgId: MMSG-26355]
TC_05_select_pets.c(35): Notify: Parameter Substitution: parameter "P_Random_pet_categories" =  "FISH"
TC_05_select_pets.c(35): Notify: Saving Parameter "C_select_pet_sourcePage = YRxU58XReVajAbxH9OIRJXI5ZGiJ88gY_yaHNd8ZmCl7vIRMUgeh0WE7x9T7zHzbPFtnBbjWmPfaTwHEmSvJnnl6ZSETaQVwlUpgbdo2h8g=".
TC_05_select_pets.c(35): Notify: Saving Parameter "C_select_pet_fp = VXf5GguAFh9nCS7Y91QDgTDJm78Ts4inaJXUmRDYCqRWdY7nTIpkeXqMSXtgD72Z".
TC_05_select_pets.c(35): Resource "https://petstore.octoperf.com/css/jpetstore.css" is in the cache already and will not be downloaded again  	[MsgId: MMSG-26655]
TC_05_select_pets.c(35): Resource "https://petstore.octoperf.com/images/logo-topbar.gif" is in the cache already and will not be downloaded again  	[MsgId: MMSG-26655]
TC_05_select_pets.c(35): Resource "https://petstore.octoperf.com/images/cart.gif" is in the cache already and will not be downloaded again  	[MsgId: MMSG-26655]
TC_05_select_pets.c(35): Resource "https://petstore.octoperf.com/images/separator.gif" is in the cache already and will not be downloaded again  	[MsgId: MMSG-26655]
TC_05_select_pets.c(35): Resource "https://petstore.octoperf.com/images/sm_fish.gif" is in the cache already and will not be downloaded again  	[MsgId: MMSG-26655]
TC_05_select_pets.c(35): Resource "https://petstore.octoperf.com/images/sm_dogs.gif" is in the cache already and will not be downloaded again  	[MsgId: MMSG-26655]
TC_05_select_pets.c(35): Resource "https://petstore.octoperf.com/images/sm_reptiles.gif" is in the cache already and will not be downloaded again  	[MsgId: MMSG-26655]
TC_05_select_pets.c(35): Resource "https://petstore.octoperf.com/images/sm_cats.gif" is in the cache already and will not be downloaded again  	[MsgId: MMSG-26655]
TC_05_select_pets.c(35): Resource "https://petstore.octoperf.com/images/sm_birds.gif" is in the cache already and will not be downloaded again  	[MsgId: MMSG-26655]
TC_05_select_pets.c(35): Notify: Saving Parameter "C_pet_name_1 = Angelfish".
TC_05_select_pets.c(35): Notify: Saving Parameter "C_pet_name_2 = Tiger Shark".
TC_05_select_pets.c(35): Notify: Saving Parameter "C_pet_name_3 = Koi".
TC_05_select_pets.c(35): Notify: Saving Parameter "C_pet_name_4 = Goldfish".
TC_05_select_pets.c(35): Resource "https://petstore.octoperf.com/images/banner_dogs.gif" is in the cache already and will not be downloaded again  	[MsgId: MMSG-26655]
TC_05_select_pets.c(35): Notify: Saving Parameter "C_pet_name_count = 4".
TC_05_select_pets.c(35): web_url("Catalog.action_2") was successful, 3653 body bytes, 213 header bytes  	[MsgId: MMSG-26386]
TC_05_select_pets.c(43): Notify: Parameter Substitution: parameter "C_pet_name_count" =  "4"
TC_05_select_pets.c(43): Notify: Parameter Substitution: parameter "C_pet_name_2" =  "Tiger Shark"
TC_05_select_pets.c(44): Notify: Saving Parameter "P_random_pet_name = Tiger Shark".
TC_05_select_pets.c(45): Notify: Transaction "TC_05_select_pets" ended with a "Pass" status (Duration: 0.4346 Wasted Time: 0.0079).
Ending action TC_05_select_pets.
Starting action TC_06_enter_pet_name.
TC_06_enter_pet_name.c(5): Notify: Transaction "TC_06_enter_pet_name" started.
TC_06_enter_pet_name.c(8): web_reg_save_param_ex started  	[MsgId: MMSG-26355]
TC_06_enter_pet_name.c(8): Registering web_reg_save_param_ex was successful  	[MsgId: MMSG-26390]
TC_06_enter_pet_name.c(17): web_submit_data("Catalog.action_3") started  	[MsgId: MMSG-26355]
TC_06_enter_pet_name.c(17): Notify: Parameter Substitution: parameter "P_Random_pet_categories" =  "FISH"
TC_06_enter_pet_name.c(17): Notify: Parameter Substitution: parameter "P_random_pet_name" =  "Tiger Shark"
TC_06_enter_pet_name.c(17): Notify: Parameter Substitution: parameter "C_select_pet_sourcePage" =  "YRxU58XReVajAbxH9OIRJXI5ZGiJ88gY_yaHNd8ZmCl7vIRMUgeh0WE7x9T7zHzbPFtnBbjWmPfaTwHEmSvJnnl6ZSETaQVwlUpgbdo2h8g="
TC_06_enter_pet_name.c(17): Notify: Parameter Substitution: parameter "C_select_pet_fp" =  "VXf5GguAFh9nCS7Y91QDgTDJm78Ts4inaJXUmRDYCqRWdY7nTIpkeXqMSXtgD72Z"
TC_06_enter_pet_name.c(17): Resource "https://petstore.octoperf.com/css/jpetstore.css" is in the cache already and will not be downloaded again  	[MsgId: MMSG-26655]
TC_06_enter_pet_name.c(17): Resource "https://petstore.octoperf.com/images/logo-topbar.gif" is in the cache already and will not be downloaded again  	[MsgId: MMSG-26655]
TC_06_enter_pet_name.c(17): Resource "https://petstore.octoperf.com/images/cart.gif" is in the cache already and will not be downloaded again  	[MsgId: MMSG-26655]
TC_06_enter_pet_name.c(17): Resource "https://petstore.octoperf.com/images/separator.gif" is in the cache already and will not be downloaded again  	[MsgId: MMSG-26655]
TC_06_enter_pet_name.c(17): Resource "https://petstore.octoperf.com/images/sm_fish.gif" is in the cache already and will not be downloaded again  	[MsgId: MMSG-26655]
TC_06_enter_pet_name.c(17): Resource "https://petstore.octoperf.com/images/sm_dogs.gif" is in the cache already and will not be downloaded again  	[MsgId: MMSG-26655]
TC_06_enter_pet_name.c(17): Resource "https://petstore.octoperf.com/images/sm_reptiles.gif" is in the cache already and will not be downloaded again  	[MsgId: MMSG-26655]
TC_06_enter_pet_name.c(17): Resource "https://petstore.octoperf.com/images/sm_cats.gif" is in the cache already and will not be downloaded again  	[MsgId: MMSG-26655]
TC_06_enter_pet_name.c(17): Resource "https://petstore.octoperf.com/images/sm_birds.gif" is in the cache already and will not be downloaded again  	[MsgId: MMSG-26655]
TC_06_enter_pet_name.c(17): Found resource "https://petstore.octoperf.com/images/fish4.gif" in HTML "https://petstore.octoperf.com/actions/Catalog.action"  	[MsgId: MMSG-26659]
TC_06_enter_pet_name.c(17): Resource "https://petstore.octoperf.com/images/banner_dogs.gif" is in the cache already and will not be downloaded again  	[MsgId: MMSG-26655]
TC_06_enter_pet_name.c(17): Notify: Saving Parameter "C_product_Id = FI-SW-02".
TC_06_enter_pet_name.c(17): web_submit_data("Catalog.action_3") was successful, 15156 body bytes, 490 header bytes  	[MsgId: MMSG-26386]
TC_06_enter_pet_name.c(30): Notify: Parameter Substitution: parameter "C_product_Id" =  "FI-SW-02"
TC_06_enter_pet_name.c(30): Notify: Saving Parameter "P_product_id = FI-SW-02".
TC_06_enter_pet_name.c(32): Notify: Transaction "TC_06_enter_pet_name" ended with a "Pass" status (Duration: 0.6892 Wasted Time: 0.0114).
Ending action TC_06_enter_pet_name.
Starting action TC_07_click_product_id.
TC_07_click_product_id.c(5): Notify: Transaction "TC_07_click_product_id" started.
TC_07_click_product_id.c(8): web_reg_save_param_ex started  	[MsgId: MMSG-26355]
TC_07_click_product_id.c(8): Registering web_reg_save_param_ex was successful  	[MsgId: MMSG-26390]
TC_07_click_product_id.c(17): web_url("Catalog.action_4") started  	[MsgId: MMSG-26355]
TC_07_click_product_id.c(17): Notify: Parameter Substitution: parameter "P_product_id" =  "FI-SW-02"
TC_07_click_product_id.c(17): Notify: Saving Parameter "C_item_id_1 = EST-3".
TC_07_click_product_id.c(17): Resource "https://petstore.octoperf.com/css/jpetstore.css" is in the cache already and will not be downloaded again  	[MsgId: MMSG-26655]
TC_07_click_product_id.c(17): Resource "https://petstore.octoperf.com/images/logo-topbar.gif" is in the cache already and will not be downloaded again  	[MsgId: MMSG-26655]
TC_07_click_product_id.c(17): Resource "https://petstore.octoperf.com/images/cart.gif" is in the cache already and will not be downloaded again  	[MsgId: MMSG-26655]
TC_07_click_product_id.c(17): Resource "https://petstore.octoperf.com/images/separator.gif" is in the cache already and will not be downloaded again  	[MsgId: MMSG-26655]
TC_07_click_product_id.c(17): Resource "https://petstore.octoperf.com/images/sm_fish.gif" is in the cache already and will not be downloaded again  	[MsgId: MMSG-26655]
TC_07_click_product_id.c(17): Resource "https://petstore.octoperf.com/images/sm_dogs.gif" is in the cache already and will not be downloaded again  	[MsgId: MMSG-26655]
TC_07_click_product_id.c(17): Resource "https://petstore.octoperf.com/images/sm_reptiles.gif" is in the cache already and will not be downloaded again  	[MsgId: MMSG-26655]
TC_07_click_product_id.c(17): Resource "https://petstore.octoperf.com/images/sm_cats.gif" is in the cache already and will not be downloaded again  	[MsgId: MMSG-26655]
TC_07_click_product_id.c(17): Resource "https://petstore.octoperf.com/images/sm_birds.gif" is in the cache already and will not be downloaded again  	[MsgId: MMSG-26655]
TC_07_click_product_id.c(17): Resource "https://petstore.octoperf.com/images/banner_dogs.gif" is in the cache already and will not be downloaded again  	[MsgId: MMSG-26655]
TC_07_click_product_id.c(17): Notify: Saving Parameter "C_item_id_count = 1".
TC_07_click_product_id.c(17): web_url("Catalog.action_4") was successful, 3571 body bytes, 213 header bytes  	[MsgId: MMSG-26386]
TC_07_click_product_id.c(25): Notify: Parameter Substitution: parameter "C_item_id_count" =  "1"
TC_07_click_product_id.c(25): Notify: Parameter Substitution: parameter "C_item_id_1" =  "EST-3"
TC_07_click_product_id.c(26): Notify: Saving Parameter "P_random_iteam_id = EST-3".
TC_07_click_product_id.c(27): Notify: Transaction "TC_07_click_product_id" ended with a "Pass" status (Duration: 0.3727 Wasted Time: 0.0052).
Ending action TC_07_click_product_id.
Starting action TC_08_select_item_id.
TC_08_select_item_id.c(5): Notify: Transaction "TC_08_select_item_id" started.
TC_08_select_item_id.c(7): web_url("Catalog.action_5") started  	[MsgId: MMSG-26355]
TC_08_select_item_id.c(7): Notify: Parameter Substitution: parameter "P_random_iteam_id" =  "EST-3"
TC_08_select_item_id.c(7): Notify: Parameter Substitution: parameter "P_product_id" =  "FI-SW-02"
TC_08_select_item_id.c(7): Resource "https://petstore.octoperf.com/css/jpetstore.css" is in the cache already and will not be downloaded again  	[MsgId: MMSG-26655]
TC_08_select_item_id.c(7): Resource "https://petstore.octoperf.com/images/logo-topbar.gif" is in the cache already and will not be downloaded again  	[MsgId: MMSG-26655]
TC_08_select_item_id.c(7): Resource "https://petstore.octoperf.com/images/cart.gif" is in the cache already and will not be downloaded again  	[MsgId: MMSG-26655]
TC_08_select_item_id.c(7): Resource "https://petstore.octoperf.com/images/separator.gif" is in the cache already and will not be downloaded again  	[MsgId: MMSG-26655]
TC_08_select_item_id.c(7): Resource "https://petstore.octoperf.com/images/sm_fish.gif" is in the cache already and will not be downloaded again  	[MsgId: MMSG-26655]
TC_08_select_item_id.c(7): Resource "https://petstore.octoperf.com/images/sm_dogs.gif" is in the cache already and will not be downloaded again  	[MsgId: MMSG-26655]
TC_08_select_item_id.c(7): Resource "https://petstore.octoperf.com/images/sm_reptiles.gif" is in the cache already and will not be downloaded again  	[MsgId: MMSG-26655]
TC_08_select_item_id.c(7): Resource "https://petstore.octoperf.com/images/sm_cats.gif" is in the cache already and will not be downloaded again  	[MsgId: MMSG-26655]
TC_08_select_item_id.c(7): Resource "https://petstore.octoperf.com/images/sm_birds.gif" is in the cache already and will not be downloaded again  	[MsgId: MMSG-26655]
TC_08_select_item_id.c(7): Resource "https://petstore.octoperf.com/images/fish4.gif" is in the cache already and will not be downloaded again  	[MsgId: MMSG-26655]
TC_08_select_item_id.c(7): Resource "https://petstore.octoperf.com/images/banner_dogs.gif" is in the cache already and will not be downloaded again  	[MsgId: MMSG-26655]
TC_08_select_item_id.c(7): web_url("Catalog.action_5") was successful, 3557 body bytes, 213 header bytes  	[MsgId: MMSG-26386]
TC_08_select_item_id.c(15): Notify: Transaction "TC_08_select_item_id" ended with a "Pass" status (Duration: 0.3110 Wasted Time: 0.0044).
Ending action TC_08_select_item_id.
Starting action TC_09_click_add_to_cart_button.
TC_09_click_add_to_cart_button.c(5): Notify: Transaction "TC_09_click_add_to_cart_button" started.
TC_09_click_add_to_cart_button.c(7): web_url("Cart.action") started  	[MsgId: MMSG-26355]
TC_09_click_add_to_cart_button.c(7): Notify: Parameter Substitution: parameter "P_random_iteam_id" =  "EST-3"
TC_09_click_add_to_cart_button.c(7): Notify: Parameter Substitution: parameter "P_random_iteam_id" =  "EST-3"
TC_09_click_add_to_cart_button.c(7): Resource "https://petstore.octoperf.com/css/jpetstore.css" is in the cache already and will not be downloaded again  	[MsgId: MMSG-26655]
TC_09_click_add_to_cart_button.c(7): Resource "https://petstore.octoperf.com/images/logo-topbar.gif" is in the cache already and will not be downloaded again  	[MsgId: MMSG-26655]
TC_09_click_add_to_cart_button.c(7): Resource "https://petstore.octoperf.com/images/cart.gif" is in the cache already and will not be downloaded again  	[MsgId: MMSG-26655]
TC_09_click_add_to_cart_button.c(7): Resource "https://petstore.octoperf.com/images/separator.gif" is in the cache already and will not be downloaded again  	[MsgId: MMSG-26655]
TC_09_click_add_to_cart_button.c(7): Resource "https://petstore.octoperf.com/images/sm_fish.gif" is in the cache already and will not be downloaded again  	[MsgId: MMSG-26655]
TC_09_click_add_to_cart_button.c(7): Resource "https://petstore.octoperf.com/images/sm_dogs.gif" is in the cache already and will not be downloaded again  	[MsgId: MMSG-26655]
TC_09_click_add_to_cart_button.c(7): Resource "https://petstore.octoperf.com/images/sm_reptiles.gif" is in the cache already and will not be downloaded again  	[MsgId: MMSG-26655]
TC_09_click_add_to_cart_button.c(7): Resource "https://petstore.octoperf.com/images/sm_cats.gif" is in the cache already and will not be downloaded again  	[MsgId: MMSG-26655]
TC_09_click_add_to_cart_button.c(7): Resource "https://petstore.octoperf.com/images/sm_birds.gif" is in the cache already and will not be downloaded again  	[MsgId: MMSG-26655]
TC_09_click_add_to_cart_button.c(7): Resource "https://petstore.octoperf.com/images/banner_dogs.gif" is in the cache already and will not be downloaded again  	[MsgId: MMSG-26655]
TC_09_click_add_to_cart_button.c(7): web_url("Cart.action") was successful, 4418 body bytes, 213 header bytes  	[MsgId: MMSG-26386]
TC_09_click_add_to_cart_button.c(15): Notify: Transaction "TC_09_click_add_to_cart_button" ended with a "Pass" status (Duration: 0.3435 Wasted Time: 0.0056).
Ending action TC_09_click_add_to_cart_button.
Starting action TC_10_click_proceed_to_checkout_button.
TC_10_click_proceed_to_checkout_button.c(5): Notify: Transaction "TC_10_click_proceed_to_checkout_button" started.
TC_10_click_proceed_to_checkout_button.c(8): web_reg_save_param_ex started  	[MsgId: MMSG-26355]
TC_10_click_proceed_to_checkout_button.c(8): Registering web_reg_save_param_ex was successful  	[MsgId: MMSG-26390]
TC_10_click_proceed_to_checkout_button.c(18): web_reg_save_param_ex started  	[MsgId: MMSG-26355]
TC_10_click_proceed_to_checkout_button.c(18): Registering web_reg_save_param_ex was successful  	[MsgId: MMSG-26390]
TC_10_click_proceed_to_checkout_button.c(27): web_url("Order.action") started  	[MsgId: MMSG-26355]
TC_10_click_proceed_to_checkout_button.c(27): Notify: Parameter Substitution: parameter "P_random_iteam_id" =  "EST-3"
TC_10_click_proceed_to_checkout_button.c(27): Resource "https://petstore.octoperf.com/css/jpetstore.css" is in the cache already and will not be downloaded again  	[MsgId: MMSG-26655]
TC_10_click_proceed_to_checkout_button.c(27): Resource "https://petstore.octoperf.com/images/logo-topbar.gif" is in the cache already and will not be downloaded again  	[MsgId: MMSG-26655]
TC_10_click_proceed_to_checkout_button.c(27): Resource "https://petstore.octoperf.com/images/cart.gif" is in the cache already and will not be downloaded again  	[MsgId: MMSG-26655]
TC_10_click_proceed_to_checkout_button.c(27): Resource "https://petstore.octoperf.com/images/separator.gif" is in the cache already and will not be downloaded again  	[MsgId: MMSG-26655]
TC_10_click_proceed_to_checkout_button.c(27): Resource "https://petstore.octoperf.com/images/sm_fish.gif" is in the cache already and will not be downloaded again  	[MsgId: MMSG-26655]
TC_10_click_proceed_to_checkout_button.c(27): Resource "https://petstore.octoperf.com/images/sm_dogs.gif" is in the cache already and will not be downloaded again  	[MsgId: MMSG-26655]
TC_10_click_proceed_to_checkout_button.c(27): Resource "https://petstore.octoperf.com/images/sm_reptiles.gif" is in the cache already and will not be downloaded again  	[MsgId: MMSG-26655]
TC_10_click_proceed_to_checkout_button.c(27): Resource "https://petstore.octoperf.com/images/sm_cats.gif" is in the cache already and will not be downloaded again  	[MsgId: MMSG-26655]
TC_10_click_proceed_to_checkout_button.c(27): Resource "https://petstore.octoperf.com/images/sm_birds.gif" is in the cache already and will not be downloaded again  	[MsgId: MMSG-26655]
TC_10_click_proceed_to_checkout_button.c(27): Notify: Saving Parameter "C_check_out_sourcePage = c3E3mhoFRnQvH1Y2gDCYletuDDU42vZ-JReveX30qbUAdQhEhjsuLgMRoJTHPOaDiApUnQMkl6_2ZcGsR0DleRqlPV5j8YOpT9ZSRcfFe48=".
TC_10_click_proceed_to_checkout_button.c(27): Notify: Saving Parameter "C_check_out_fp = x1sPKooG_v-5q25S_aFT0rdv8p1kl0txMKYouhoBAmO9naYFrfaLX4PNZW735j4ziCVtGC5cFiJZ_lI6ZdoS28aDzKY4plnrDOdFpH6F8f757cUDjZSozg==".
TC_10_click_proceed_to_checkout_button.c(27): Resource "https://petstore.octoperf.com/images/banner_dogs.gif" is in the cache already and will not be downloaded again  	[MsgId: MMSG-26655]
TC_10_click_proceed_to_checkout_button.c(27): web_url("Order.action") was successful, 5178 body bytes, 213 header bytes  	[MsgId: MMSG-26386]
TC_10_click_proceed_to_checkout_button.c(35): Notify: Transaction "TC_10_click_proceed_to_checkout_button" ended with a "Pass" status (Duration: 0.3580 Wasted Time: 0.0067).
Ending action TC_10_click_proceed_to_checkout_button.
Starting action TC_11_enter_payment_details.
TC_11_enter_payment_details.c(5): Notify: Transaction "TC_11_enter_payment_details" started.
TC_11_enter_payment_details.c(6): Notify: Saving Parameter "P_fakeCreditCard = 42365 9876 5432 109925".
TC_11_enter_payment_details.c(7): Notify: Saving Parameter "P_fakeExpiryDate = 02/30".
TC_11_enter_payment_details.c(8): Notify: Saving Parameter "p_zipcode = 022686".
TC_11_enter_payment_details.c(10): web_submit_data("Order.action_2") started  	[MsgId: MMSG-26355]
TC_11_enter_payment_details.c(10): Notify: Parameter Substitution: parameter "P_fakeCreditCard" =  "42365 9876 5432 109925"
TC_11_enter_payment_details.c(10): Notify: Parameter Substitution: parameter "P_fakeExpiryDate" =  "02/30"
TC_11_enter_payment_details.c(10): Notify: Parameter Substitution: parameter "p_firstname" =  "arun"
TC_11_enter_payment_details.c(10): Notify: Parameter Substitution: parameter "p_lastname" =  "kutty"
TC_11_enter_payment_details.c(10): Notify: Parameter Substitution: parameter "p_address" =  "14/cantoment"
TC_11_enter_payment_details.c(10): Notify: Parameter Substitution: parameter "p_address" =  "14/cantoment"
TC_11_enter_payment_details.c(10): Notify: Parameter Substitution: parameter "p_city" =  "salem"
TC_11_enter_payment_details.c(10): Notify: Parameter Substitution: parameter "p_state" =  "kerala"
TC_11_enter_payment_details.c(10): Notify: Parameter Substitution: parameter "p_zipcode" =  "022686"
TC_11_enter_payment_details.c(10): Notify: Parameter Substitution: parameter "p_country" =  "India"
TC_11_enter_payment_details.c(10): Notify: Parameter Substitution: parameter "C_check_out_sourcePage" =  "c3E3mhoFRnQvH1Y2gDCYletuDDU42vZ-JReveX30qbUAdQhEhjsuLgMRoJTHPOaDiApUnQMkl6_2ZcGsR0DleRqlPV5j8YOpT9ZSRcfFe48="
TC_11_enter_payment_details.c(10): Notify: Parameter Substitution: parameter "C_check_out_fp" =  "x1sPKooG_v-5q25S_aFT0rdv8p1kl0txMKYouhoBAmO9naYFrfaLX4PNZW735j4ziCVtGC5cFiJZ_lI6ZdoS28aDzKY4plnrDOdFpH6F8f757cUDjZSozg=="
TC_11_enter_payment_details.c(10): Resource "https://petstore.octoperf.com/css/jpetstore.css" is in the cache already and will not be downloaded again  	[MsgId: MMSG-26655]
TC_11_enter_payment_details.c(10): Resource "https://petstore.octoperf.com/images/logo-topbar.gif" is in the cache already and will not be downloaded again  	[MsgId: MMSG-26655]
TC_11_enter_payment_details.c(10): Resource "https://petstore.octoperf.com/images/cart.gif" is in the cache already and will not be downloaded again  	[MsgId: MMSG-26655]
TC_11_enter_payment_details.c(10): Resource "https://petstore.octoperf.com/images/separator.gif" is in the cache already and will not be downloaded again  	[MsgId: MMSG-26655]
TC_11_enter_payment_details.c(10): Resource "https://petstore.octoperf.com/images/sm_fish.gif" is in the cache already and will not be downloaded again  	[MsgId: MMSG-26655]
TC_11_enter_payment_details.c(10): Resource "https://petstore.octoperf.com/images/sm_dogs.gif" is in the cache already and will not be downloaded again  	[MsgId: MMSG-26655]
TC_11_enter_payment_details.c(10): Resource "https://petstore.octoperf.com/images/sm_reptiles.gif" is in the cache already and will not be downloaded again  	[MsgId: MMSG-26655]
TC_11_enter_payment_details.c(10): Resource "https://petstore.octoperf.com/images/sm_cats.gif" is in the cache already and will not be downloaded again  	[MsgId: MMSG-26655]
TC_11_enter_payment_details.c(10): Resource "https://petstore.octoperf.com/images/sm_birds.gif" is in the cache already and will not be downloaded again  	[MsgId: MMSG-26655]
TC_11_enter_payment_details.c(10): Resource "https://petstore.octoperf.com/images/banner_dogs.gif" is in the cache already and will not be downloaded again  	[MsgId: MMSG-26655]
TC_11_enter_payment_details.c(10): web_submit_data("Order.action_2") was successful, 4317 body bytes, 213 header bytes  	[MsgId: MMSG-26386]
TC_11_enter_payment_details.c(33): Notify: Transaction "TC_11_enter_payment_details" ended with a "Pass" status (Duration: 0.5496 Wasted Time: 0.0057).
Ending action TC_11_enter_payment_details.
Starting action TC_12_click_confirm_button.
TC_12_click_confirm_button.c(5): Notify: Transaction "TC_12_click_confirm_button" started.
TC_12_click_confirm_button.c(7): web_url("Order.action_3") started  	[MsgId: MMSG-26355]
TC_12_click_confirm_button.c(7): Resource "https://petstore.octoperf.com/css/jpetstore.css" is in the cache already and will not be downloaded again  	[MsgId: MMSG-26655]
TC_12_click_confirm_button.c(7): Resource "https://petstore.octoperf.com/images/logo-topbar.gif" is in the cache already and will not be downloaded again  	[MsgId: MMSG-26655]
TC_12_click_confirm_button.c(7): Resource "https://petstore.octoperf.com/images/cart.gif" is in the cache already and will not be downloaded again  	[MsgId: MMSG-26655]
TC_12_click_confirm_button.c(7): Resource "https://petstore.octoperf.com/images/separator.gif" is in the cache already and will not be downloaded again  	[MsgId: MMSG-26655]
TC_12_click_confirm_button.c(7): Resource "https://petstore.octoperf.com/images/sm_fish.gif" is in the cache already and will not be downloaded again  	[MsgId: MMSG-26655]
TC_12_click_confirm_button.c(7): Resource "https://petstore.octoperf.com/images/sm_dogs.gif" is in the cache already and will not be downloaded again  	[MsgId: MMSG-26655]
TC_12_click_confirm_button.c(7): Resource "https://petstore.octoperf.com/images/sm_reptiles.gif" is in the cache already and will not be downloaded again  	[MsgId: MMSG-26655]
TC_12_click_confirm_button.c(7): Resource "https://petstore.octoperf.com/images/sm_cats.gif" is in the cache already and will not be downloaded again  	[MsgId: MMSG-26655]
TC_12_click_confirm_button.c(7): Resource "https://petstore.octoperf.com/images/sm_birds.gif" is in the cache already and will not be downloaded again  	[MsgId: MMSG-26655]
TC_12_click_confirm_button.c(7): Resource "https://petstore.octoperf.com/images/banner_dogs.gif" is in the cache already and will not be downloaded again  	[MsgId: MMSG-26655]
TC_12_click_confirm_button.c(7): web_url("Order.action_3") was successful, 5021 body bytes, 213 header bytes  	[MsgId: MMSG-26386]
TC_12_click_confirm_button.c(15): Notify: Transaction "TC_12_click_confirm_button" ended with a "Pass" status (Duration: 0.3292 Wasted Time: 0.0052).
Ending action TC_12_click_confirm_button.
Starting action TC_13_click_signout_link.
TC_13_click_signout_link.c(3): Notify: Transaction "TC_12_click_confirm_button" started.
TC_13_click_signout_link.c(5): web_url("Account.action_2") started  	[MsgId: MMSG-26355]
TC_13_click_signout_link.c(5): Redirecting "https://petstore.octoperf.com/actions/Account.action?signoff=" (redirection depth is 0)  	[MsgId: MMSG-26694]
TC_13_click_signout_link.c(5): To location "https://petstore.octoperf.com/actions/Catalog.action"  	[MsgId: MMSG-26693]
TC_13_click_signout_link.c(5): Resource "https://petstore.octoperf.com/css/jpetstore.css" is in the cache already and will not be downloaded again  	[MsgId: MMSG-26655]
TC_13_click_signout_link.c(5): Resource "https://petstore.octoperf.com/images/logo-topbar.gif" is in the cache already and will not be downloaded again  	[MsgId: MMSG-26655]
TC_13_click_signout_link.c(5): Resource "https://petstore.octoperf.com/images/cart.gif" is in the cache already and will not be downloaded again  	[MsgId: MMSG-26655]
TC_13_click_signout_link.c(5): Resource "https://petstore.octoperf.com/images/separator.gif" is in the cache already and will not be downloaded again  	[MsgId: MMSG-26655]
TC_13_click_signout_link.c(5): Resource "https://petstore.octoperf.com/images/sm_fish.gif" is in the cache already and will not be downloaded again  	[MsgId: MMSG-26655]
TC_13_click_signout_link.c(5): Resource "https://petstore.octoperf.com/images/sm_dogs.gif" is in the cache already and will not be downloaded again  	[MsgId: MMSG-26655]
TC_13_click_signout_link.c(5): Resource "https://petstore.octoperf.com/images/sm_reptiles.gif" is in the cache already and will not be downloaded again  	[MsgId: MMSG-26655]
TC_13_click_signout_link.c(5): Resource "https://petstore.octoperf.com/images/sm_cats.gif" is in the cache already and will not be downloaded again  	[MsgId: MMSG-26655]
TC_13_click_signout_link.c(5): Resource "https://petstore.octoperf.com/images/sm_birds.gif" is in the cache already and will not be downloaded again  	[MsgId: MMSG-26655]
TC_13_click_signout_link.c(5): Resource "https://petstore.octoperf.com/images/fish_icon.gif" is in the cache already and will not be downloaded again  	[MsgId: MMSG-26655]
TC_13_click_signout_link.c(5): Resource "https://petstore.octoperf.com/images/dogs_icon.gif" is in the cache already and will not be downloaded again  	[MsgId: MMSG-26655]
TC_13_click_signout_link.c(5): Resource "https://petstore.octoperf.com/images/cats_icon.gif" is in the cache already and will not be downloaded again  	[MsgId: MMSG-26655]
TC_13_click_signout_link.c(5): Resource "https://petstore.octoperf.com/images/reptiles_icon.gif" is in the cache already and will not be downloaded again  	[MsgId: MMSG-26655]
TC_13_click_signout_link.c(5): Resource "https://petstore.octoperf.com/images/birds_icon.gif" is in the cache already and will not be downloaded again  	[MsgId: MMSG-26655]
TC_13_click_signout_link.c(5): Resource "https://petstore.octoperf.com/images/splash.gif" is in the cache already and will not be downloaded again  	[MsgId: MMSG-26655]
TC_13_click_signout_link.c(5): web_url("Account.action_2") was successful, 4503 body bytes, 494 header bytes  	[MsgId: MMSG-26386]
TC_13_click_signout_link.c(13): Notify: Transaction "TC_12_click_confirm_button" ended with a "Pass" status (Duration: 0.5140 Wasted Time: 0.0062).
Ending action TC_13_click_signout_link.
Ending iteration 1.
Ending Vuser...
Starting action vuser_end.
Ending action vuser_end.
Vuser Terminated.
Vuser 0 (thread 9516), ended OK."
